<?xml version="1.0" encoding="utf-8"?><testsuites name="pytest tests"><testsuite name="pytest" errors="0" failures="0" skipped="0" tests="11" time="28.907" timestamp="2026-05-29T21:57:58.331605+00:00" hostname="agent-env-949f7c1b-7628-4204-be46-cb1048038afa"><testcase classname="backend.tests.backend_test" name="test_health" time="0.629" /><testcase classname="backend.tests.backend_test" name="test_auth_me_unauthenticated" time="0.149" /><testcase classname="backend.tests.backend_test" name="test_auth_me_authenticated" time="0.200" /><testcase classname="backend.tests.backend_test" name="test_parse_docx" time="0.158" /><testcase classname="backend.tests.backend_test" name="test_scan_response_shape" time="26.482" /><testcase classname="backend.tests.backend_test" name="test_scan_new_score_high" time="0.000" /><testcase classname="backend.tests.backend_test" name="test_history_list" time="0.241" /><testcase classname="backend.tests.backend_test" name="test_history_get" time="0.319" /><testcase classname="backend.tests.backend_test" name="test_download_resume_pdf" time="0.167" /><testcase classname="backend.tests.backend_test" name="test_download_cover_pdf" time="0.122" /><testcase classname="backend.tests.backend_test" name="test_delete_scan" time="0.258" /></testsuite></testsuites>