<?xml version="1.0" encoding="utf-8"?><testsuites name="pytest tests"><testsuite name="pytest" errors="0" failures="0" skipped="0" tests="16" time="14.862" timestamp="2026-05-29T22:38:08.351541+00:00" hostname="agent-env-949f7c1b-7628-4204-be46-cb1048038afa"><testcase classname="backend.tests.backend_test" name="test_health" time="0.220" /><testcase classname="backend.tests.backend_test" name="test_auth_me_unauthenticated" time="0.104" /><testcase classname="backend.tests.backend_test" name="test_auth_me_authenticated" time="0.139" /><testcase classname="backend.tests.backend_test" name="test_parse_docx" time="0.162" /><testcase classname="backend.tests.backend_test" name="test_parse_txt" time="0.114" /><testcase classname="backend.tests.backend_test" name="test_scan_stores_source_format" time="12.575" /><testcase classname="backend.tests.backend_test" name="test_scan_response_shape" time="0.000" /><testcase classname="backend.tests.backend_test" name="test_scan_new_score_high" time="0.000" /><testcase classname="backend.tests.backend_test" name="test_history_list" time="0.164" /><testcase classname="backend.tests.backend_test" name="test_history_get" time="0.154" /><testcase classname="backend.tests.backend_test" name="test_download_resume_default_uses_source_format" time="0.215" /><testcase classname="backend.tests.backend_test" name="test_download_resume_fmt_pdf" time="0.123" /><testcase classname="backend.tests.backend_test" name="test_download_resume_fmt_docx" time="0.209" /><testcase classname="backend.tests.backend_test" name="test_download_cover_fmt_txt" time="0.130" /><testcase classname="backend.tests.backend_test" name="test_download_cover_default_docx" time="0.132" /><testcase classname="backend.tests.backend_test" name="test_delete_scan" time="0.225" /></testsuite></testsuites>